<?xml version="1.0" encoding="UTF-8"?>
<testsuite xmlns:xsi="http://www.w3.org/2001/XMLSchema-instance" xsi:noNamespaceSchemaLocation="https://maven.apache.org/surefire/maven-surefire-plugin/xsd/surefire-test-report-3.0.xsd" version="3.0" name="com.csvloader.CSVImporterTest" time="0.337" tests="12" errors="0" skipped="0" failures="0">
  <properties>
[...]
</properties>
  <testcase name="testImportCSVFromFile" classname="com.csvloader.CSVImporterTest" time="0.055">
    <system-out><![CDATA[2025-10-20 23:35:33.327 [main] INFO  com.csvloader.CSVImporterTest - ========== CSVImporterTest - BeforeAll Setup ==========
2025-10-20 23:35:33.327 [main] INFO  com.csvloader.CSVImporterTest - Test properties loaded successfully
2025-10-20 23:35:33.327 [main] INFO  com.csvloader.CSVImporterTest - Initializing database connection and CSV importer
2025-10-20 23:35:33.328 [main] DEBUG com.csvloader.ApplicationConfig - Initializing ApplicationConfig
2025-10-20 23:35:33.328 [main] DEBUG com.csvloader.ApplicationConfig - Loading configuration from application.properties
2025-10-20 23:35:33.328 [main] DEBUG com.csvloader.ApplicationConfig - Configuration loaded successfully
2025-10-20 23:35:33.328 [main] INFO  com.csvloader.ApplicationConfig - ApplicationConfig initialized successfully
2025-10-20 23:35:33.328 [main] DEBUG com.csvloader.CSVImporter - Initializing CSVImporter
2025-10-20 23:35:33.328 [main] INFO  com.csvloader.CSVImporter - Date format configured as: yyyy-MM-dd
2025-10-20 23:35:33.328 [main] DEBUG com.csvloader.CSVImporter - CSV delimiter configured as: ','
2025-10-20 23:35:33.328 [main] INFO  com.csvloader.CSVImporterTest - Creating test table 'employee'
2025-10-20 23:35:33.328 [main] DEBUG com.csvloader.CSVImporterTest - Creating employee table
2025-10-20 23:35:33.328 [main] DEBUG com.csvloader.DatabaseConnection - Attempting to establish database connection to: jdbc:postgresql://localhost:5432/employee
2025-10-20 23:35:33.329 [main] DEBUG com.csvloader.DatabaseConnection - Loading database driver: org.postgresql.Driver
2025-10-20 23:35:33.357 [main] INFO  com.csvloader.DatabaseConnection - Database connection established successfully
2025-10-20 23:35:33.358 [main] DEBUG com.csvloader.CSVImporterTest - Dropping existing employee table if it exists
2025-10-20 23:35:33.366 [main] DEBUG com.csvloader.CSVImporterTest - Employee table created successfully
2025-10-20 23:35:33.367 [main] INFO  com.csvloader.CSVImporterTest - Test setup completed successfully
2025-10-20 23:35:33.370 [main] DEBUG com.csvloader.CSVImporterTest - BeforeEach - Clearing test data from employee table
2025-10-20 23:35:33.370 [main] DEBUG com.csvloader.DatabaseConnection - Attempting to establish database connection to: jdbc:postgresql://localhost:5432/employee
2025-10-20 23:35:33.370 [main] DEBUG com.csvloader.DatabaseConnection - Loading database driver: org.postgresql.Driver
2025-10-20 23:35:33.374 [main] INFO  com.csvloader.DatabaseConnection - Database connection established successfully
2025-10-20 23:35:33.375 [main] DEBUG com.csvloader.CSVImporterTest - Deleted 0 rows from employee table
2025-10-20 23:35:33.375 [main] INFO  com.csvloader.CSVImporterTest - TEST: testImportCSVFromFile - Starting
2025-10-20 23:35:33.375 [main] DEBUG com.csvloader.CSVImporterTest - Importing employee.csv file
2025-10-20 23:35:33.375 [main] DEBUG com.csvloader.DatabaseConnection - Attempting to establish database connection to: jdbc:postgresql://localhost:5432/employee
2025-10-20 23:35:33.375 [main] DEBUG com.csvloader.DatabaseConnection - Loading database driver: org.postgresql.Driver
2025-10-20 23:35:33.381 [main] INFO  com.csvloader.DatabaseConnection - Database connection established successfully
2025-10-20 23:35:33.415 [main] INFO  com.csvloader.CSVImporterTest - Imported 5 rows from CSV file
2025-10-20 23:35:33.416 [main] DEBUG com.csvloader.CSVImporterTest - Verifying data in database
2025-10-20 23:35:33.416 [main] DEBUG com.csvloader.DatabaseConnection - Attempting to establish database connection to: jdbc:postgresql://localhost:5432/employee
2025-10-20 23:35:33.416 [main] DEBUG com.csvloader.DatabaseConnection - Loading database driver: org.postgresql.Driver
2025-10-20 23:35:33.421 [main] INFO  com.csvloader.DatabaseConnection - Database connection established successfully
2025-10-20 23:35:33.422 [main] INFO  com.csvloader.CSVImporterTest - TEST: testImportCSVFromFile - PASSED
]]></system-out>
  </testcase>
  <testcase name="testImportCSVFromInputStream" classname="com.csvloader.CSVImporterTest" time="0.033">
    <system-out><![CDATA[2025-10-20 23:35:33.425 [main] DEBUG com.csvloader.CSVImporterTest - BeforeEach - Clearing test data from employee table
2025-10-20 23:35:33.425 [main] DEBUG com.csvloader.DatabaseConnection - Attempting to establish database connection to: jdbc:postgresql://localhost:5432/employee
2025-10-20 23:35:33.425 [main] DEBUG com.csvloader.DatabaseConnection - Loading database driver: org.postgresql.Driver
2025-10-20 23:35:33.428 [main] INFO  com.csvloader.DatabaseConnection - Database connection established successfully
2025-10-20 23:35:33.428 [main] DEBUG com.csvloader.CSVImporterTest - Deleted 5 rows from employee table
2025-10-20 23:35:33.428 [main] INFO  com.csvloader.CSVImporterTest - TEST: testImportCSVFromInputStream - Starting
2025-10-20 23:35:33.429 [main] DEBUG com.csvloader.CSVImporterTest - Importing CSV from InputStream
2025-10-20 23:35:33.429 [main] DEBUG com.csvloader.DatabaseConnection - Attempting to establish database connection to: jdbc:postgresql://localhost:5432/employee
2025-10-20 23:35:33.429 [main] DEBUG com.csvloader.DatabaseConnection - Loading database driver: org.postgresql.Driver
2025-10-20 23:35:33.431 [main] INFO  com.csvloader.DatabaseConnection - Database connection established successfully
2025-10-20 23:35:33.452 [main] INFO  com.csvloader.CSVImporterTest - Imported 1 rows from InputStream
2025-10-20 23:35:33.452 [main] DEBUG com.csvloader.CSVImporterTest - Verifying imported data for id=10
2025-10-20 23:35:33.452 [main] DEBUG com.csvloader.DatabaseConnection - Attempting to establish database connection to: jdbc:postgresql://localhost:5432/employee
2025-10-20 23:35:33.452 [main] DEBUG com.csvloader.DatabaseConnection - Loading database driver: org.postgresql.Driver
2025-10-20 23:35:33.456 [main] INFO  com.csvloader.DatabaseConnection - Database connection established successfully
2025-10-20 23:35:33.457 [main] INFO  com.csvloader.CSVImporterTest - TEST: testImportCSVFromInputStream - PASSED
]]></system-out>
  </testcase>
  <testcase name="testImportWithDateFormats" classname="com.csvloader.CSVImporterTest" time="0.032">
    <system-out><![CDATA[2025-10-20 23:35:33.457 [main] DEBUG com.csvloader.CSVImporterTest - BeforeEach - Clearing test data from employee table
2025-10-20 23:35:33.458 [main] DEBUG com.csvloader.DatabaseConnection - Attempting to establish database connection to: jdbc:postgresql://localhost:5432/employee
2025-10-20 23:35:33.458 [main] DEBUG com.csvloader.DatabaseConnection - Loading database driver: org.postgresql.Driver
2025-10-20 23:35:33.461 [main] INFO  com.csvloader.DatabaseConnection - Database connection established successfully
2025-10-20 23:35:33.462 [main] DEBUG com.csvloader.CSVImporterTest - Deleted 1 rows from employee table
2025-10-20 23:35:33.462 [main] INFO  com.csvloader.CSVImporterTest - TEST: testImportWithDateFormats - Starting
2025-10-20 23:35:33.462 [main] DEBUG com.csvloader.CSVImporterTest - Importing CSV with date values
2025-10-20 23:35:33.462 [main] DEBUG com.csvloader.DatabaseConnection - Attempting to establish database connection to: jdbc:postgresql://localhost:5432/employee
2025-10-20 23:35:33.462 [main] DEBUG com.csvloader.DatabaseConnection - Loading database driver: org.postgresql.Driver
2025-10-20 23:35:33.465 [main] INFO  com.csvloader.DatabaseConnection - Database connection established successfully
2025-10-20 23:35:33.483 [main] INFO  com.csvloader.CSVImporterTest - Imported 2 records with dates
2025-10-20 23:35:33.483 [main] DEBUG com.csvloader.CSVImporterTest - Verifying date parsing
2025-10-20 23:35:33.483 [main] DEBUG com.csvloader.DatabaseConnection - Attempting to establish database connection to: jdbc:postgresql://localhost:5432/employee
2025-10-20 23:35:33.483 [main] DEBUG com.csvloader.DatabaseConnection - Loading database driver: org.postgresql.Driver
2025-10-20 23:35:33.487 [main] INFO  com.csvloader.DatabaseConnection - Database connection established successfully
2025-10-20 23:35:33.488 [main] INFO  com.csvloader.CSVImporterTest - TEST: testImportWithDateFormats - PASSED
]]></system-out>
  </testcase>
  <testcase name="testImportWithNullValues" classname="com.csvloader.CSVImporterTest" time="0.025">
    <system-out><![CDATA[2025-10-20 23:35:33.489 [main] DEBUG com.csvloader.CSVImporterTest - BeforeEach - Clearing test data from employee table
2025-10-20 23:35:33.489 [main] DEBUG com.csvloader.DatabaseConnection - Attempting to establish database connection to: jdbc:postgresql://localhost:5432/employee
2025-10-20 23:35:33.489 [main] DEBUG com.csvloader.DatabaseConnection - Loading database driver: org.postgresql.Driver
2025-10-20 23:35:33.492 [main] INFO  com.csvloader.DatabaseConnection - Database connection established successfully
2025-10-20 23:35:33.493 [main] DEBUG com.csvloader.CSVImporterTest - Deleted 2 rows from employee table
2025-10-20 23:35:33.493 [main] DEBUG com.csvloader.DatabaseConnection - Attempting to establish database connection to: jdbc:postgresql://localhost:5432/employee
2025-10-20 23:35:33.493 [main] DEBUG com.csvloader.DatabaseConnection - Loading database driver: org.postgresql.Driver
2025-10-20 23:35:33.496 [main] INFO  com.csvloader.DatabaseConnection - Database connection established successfully
2025-10-20 23:35:33.511 [main] DEBUG com.csvloader.DatabaseConnection - Attempting to establish database connection to: jdbc:postgresql://localhost:5432/employee
2025-10-20 23:35:33.511 [main] DEBUG com.csvloader.DatabaseConnection - Loading database driver: org.postgresql.Driver
2025-10-20 23:35:33.513 [main] INFO  com.csvloader.DatabaseConnection - Database connection established successfully
]]></system-out>
  </testcase>
  <testcase name="testImportWithVariousDataTypes" classname="com.csvloader.CSVImporterTest" time="0.015">
    <system-out><![CDATA[2025-10-20 23:35:33.515 [main] DEBUG com.csvloader.CSVImporterTest - BeforeEach - Clearing test data from employee table
2025-10-20 23:35:33.515 [main] DEBUG com.csvloader.DatabaseConnection - Attempting to establish database connection to: jdbc:postgresql://localhost:5432/employee
2025-10-20 23:35:33.515 [main] DEBUG com.csvloader.DatabaseConnection - Loading database driver: org.postgresql.Driver
2025-10-20 23:35:33.517 [main] INFO  com.csvloader.DatabaseConnection - Database connection established successfully
2025-10-20 23:35:33.517 [main] DEBUG com.csvloader.CSVImporterTest - Deleted 1 rows from employee table
2025-10-20 23:35:33.517 [main] DEBUG com.csvloader.DatabaseConnection - Attempting to establish database connection to: jdbc:postgresql://localhost:5432/employee
2025-10-20 23:35:33.517 [main] DEBUG com.csvloader.DatabaseConnection - Loading database driver: org.postgresql.Driver
2025-10-20 23:35:33.519 [main] INFO  com.csvloader.DatabaseConnection - Database connection established successfully
2025-10-20 23:35:33.528 [main] DEBUG com.csvloader.DatabaseConnection - Attempting to establish database connection to: jdbc:postgresql://localhost:5432/employee
2025-10-20 23:35:33.528 [main] DEBUG com.csvloader.DatabaseConnection - Loading database driver: org.postgresql.Driver
2025-10-20 23:35:33.530 [main] INFO  com.csvloader.DatabaseConnection - Database connection established successfully
]]></system-out>
  </testcase>
  <testcase name="testImportEmptyCSV" classname="com.csvloader.CSVImporterTest" time="0.015">
    <system-out><![CDATA[2025-10-20 23:35:33.531 [main] DEBUG com.csvloader.CSVImporterTest - BeforeEach - Clearing test data from employee table
2025-10-20 23:35:33.531 [main] DEBUG com.csvloader.DatabaseConnection - Attempting to establish database connection to: jdbc:postgresql://localhost:5432/employee
2025-10-20 23:35:33.531 [main] DEBUG com.csvloader.DatabaseConnection - Loading database driver: org.postgresql.Driver
2025-10-20 23:35:33.534 [main] INFO  com.csvloader.DatabaseConnection - Database connection established successfully
2025-10-20 23:35:33.534 [main] DEBUG com.csvloader.CSVImporterTest - Deleted 1 rows from employee table
2025-10-20 23:35:33.537 [main] DEBUG com.csvloader.DatabaseConnection - Attempting to establish database connection to: jdbc:postgresql://localhost:5432/employee
2025-10-20 23:35:33.537 [main] DEBUG com.csvloader.DatabaseConnection - Loading database driver: org.postgresql.Driver
2025-10-20 23:35:33.539 [main] INFO  com.csvloader.DatabaseConnection - Database connection established successfully
]]></system-out>
  </testcase>
  <testcase name="testImportCSVWithMismatchedColumns" classname="com.csvloader.CSVImporterTest" time="0.012">
    <system-out><![CDATA[2025-10-20 23:35:33.546 [main] DEBUG com.csvloader.CSVImporterTest - BeforeEach - Clearing test data from employee table
2025-10-20 23:35:33.547 [main] DEBUG com.csvloader.DatabaseConnection - Attempting to establish database connection to: jdbc:postgresql://localhost:5432/employee
2025-10-20 23:35:33.547 [main] DEBUG com.csvloader.DatabaseConnection - Loading database driver: org.postgresql.Driver
2025-10-20 23:35:33.548 [main] INFO  com.csvloader.DatabaseConnection - Database connection established successfully
2025-10-20 23:35:33.549 [main] DEBUG com.csvloader.CSVImporterTest - Deleted 0 rows from employee table
2025-10-20 23:35:33.549 [main] DEBUG com.csvloader.DatabaseConnection - Attempting to establish database connection to: jdbc:postgresql://localhost:5432/employee
2025-10-20 23:35:33.549 [main] DEBUG com.csvloader.DatabaseConnection - Loading database driver: org.postgresql.Driver
2025-10-20 23:35:33.551 [main] INFO  com.csvloader.DatabaseConnection - Database connection established successfully
]]></system-out>
  </testcase>
  <testcase name="testImportCSVWithInvalidDate" classname="com.csvloader.CSVImporterTest" time="0.011">
    <system-out><![CDATA[2025-10-20 23:35:33.558 [main] DEBUG com.csvloader.CSVImporterTest - BeforeEach - Clearing test data from employee table
2025-10-20 23:35:33.558 [main] DEBUG com.csvloader.DatabaseConnection - Attempting to establish database connection to: jdbc:postgresql://localhost:5432/employee
2025-10-20 23:35:33.558 [main] DEBUG com.csvloader.DatabaseConnection - Loading database driver: org.postgresql.Driver
2025-10-20 23:35:33.560 [main] INFO  com.csvloader.DatabaseConnection - Database connection established successfully
2025-10-20 23:35:33.561 [main] DEBUG com.csvloader.CSVImporterTest - Deleted 0 rows from employee table
2025-10-20 23:35:33.561 [main] DEBUG com.csvloader.DatabaseConnection - Attempting to establish database connection to: jdbc:postgresql://localhost:5432/employee
2025-10-20 23:35:33.561 [main] DEBUG com.csvloader.DatabaseConnection - Loading database driver: org.postgresql.Driver
2025-10-20 23:35:33.562 [main] INFO  com.csvloader.DatabaseConnection - Database connection established successfully
]]></system-out>
  </testcase>
  <testcase name="testImportCSVWithInvalidNumber" classname="com.csvloader.CSVImporterTest" time="0.01">
    <system-out><![CDATA[2025-10-20 23:35:33.570 [main] DEBUG com.csvloader.CSVImporterTest - BeforeEach - Clearing test data from employee table
2025-10-20 23:35:33.570 [main] DEBUG com.csvloader.DatabaseConnection - Attempting to establish database connection to: jdbc:postgresql://localhost:5432/employee
2025-10-20 23:35:33.570 [main] DEBUG com.csvloader.DatabaseConnection - Loading database driver: org.postgresql.Driver
2025-10-20 23:35:33.572 [main] INFO  com.csvloader.DatabaseConnection - Database connection established successfully
2025-10-20 23:35:33.572 [main] DEBUG com.csvloader.CSVImporterTest - Deleted 0 rows from employee table
2025-10-20 23:35:33.572 [main] DEBUG com.csvloader.DatabaseConnection - Attempting to establish database connection to: jdbc:postgresql://localhost:5432/employee
2025-10-20 23:35:33.572 [main] DEBUG com.csvloader.DatabaseConnection - Loading database driver: org.postgresql.Driver
2025-10-20 23:35:33.574 [main] INFO  com.csvloader.DatabaseConnection - Database connection established successfully
]]></system-out>
  </testcase>
  <testcase name="testImportNonExistentFile" classname="com.csvloader.CSVImporterTest" time="0.002">
    <system-out><![CDATA[2025-10-20 23:35:33.581 [main] DEBUG com.csvloader.CSVImporterTest - BeforeEach - Clearing test data from employee table
2025-10-20 23:35:33.581 [main] DEBUG com.csvloader.DatabaseConnection - Attempting to establish database connection to: jdbc:postgresql://localhost:5432/employee
2025-10-20 23:35:33.581 [main] DEBUG com.csvloader.DatabaseConnection - Loading database driver: org.postgresql.Driver
2025-10-20 23:35:33.583 [main] INFO  com.csvloader.DatabaseConnection - Database connection established successfully
2025-10-20 23:35:33.583 [main] DEBUG com.csvloader.CSVImporterTest - Deleted 0 rows from employee table
]]></system-out>
  </testcase>
  <testcase name="testGetDatePattern" classname="com.csvloader.CSVImporterTest" time="0.002">
    <system-out><![CDATA[2025-10-20 23:35:33.584 [main] DEBUG com.csvloader.CSVImporterTest - BeforeEach - Clearing test data from employee table
2025-10-20 23:35:33.584 [main] DEBUG com.csvloader.DatabaseConnection - Attempting to establish database connection to: jdbc:postgresql://localhost:5432/employee
2025-10-20 23:35:33.584 [main] DEBUG com.csvloader.DatabaseConnection - Loading database driver: org.postgresql.Driver
2025-10-20 23:35:33.586 [main] INFO  com.csvloader.DatabaseConnection - Database connection established successfully
2025-10-20 23:35:33.586 [main] DEBUG com.csvloader.CSVImporterTest - Deleted 0 rows from employee table
]]></system-out>
  </testcase>
  <testcase name="testImportMultipleRows" classname="com.csvloader.CSVImporterTest" time="0.014">
    <system-out><![CDATA[2025-10-20 23:35:33.587 [main] DEBUG com.csvloader.CSVImporterTest - BeforeEach - Clearing test data from employee table
2025-10-20 23:35:33.587 [main] DEBUG com.csvloader.DatabaseConnection - Attempting to establish database connection to: jdbc:postgresql://localhost:5432/employee
2025-10-20 23:35:33.587 [main] DEBUG com.csvloader.DatabaseConnection - Loading database driver: org.postgresql.Driver
2025-10-20 23:35:33.588 [main] INFO  com.csvloader.DatabaseConnection - Database connection established successfully
2025-10-20 23:35:33.588 [main] DEBUG com.csvloader.CSVImporterTest - Deleted 0 rows from employee table
2025-10-20 23:35:33.589 [main] DEBUG com.csvloader.DatabaseConnection - Attempting to establish database connection to: jdbc:postgresql://localhost:5432/employee
2025-10-20 23:35:33.589 [main] DEBUG com.csvloader.DatabaseConnection - Loading database driver: org.postgresql.Driver
2025-10-20 23:35:33.590 [main] INFO  com.csvloader.DatabaseConnection - Database connection established successfully
2025-10-20 23:35:33.597 [main] DEBUG com.csvloader.DatabaseConnection - Attempting to establish database connection to: jdbc:postgresql://localhost:5432/employee
2025-10-20 23:35:33.597 [main] DEBUG com.csvloader.DatabaseConnection - Loading database driver: org.postgresql.Driver
2025-10-20 23:35:33.599 [main] INFO  com.csvloader.DatabaseConnection - Database connection established successfully
]]></system-out>
  </testcase>
</testsuite>