<?xml version="1.0" encoding="UTF-8"?>
<testsuite xmlns:xsi="http://www.w3.org/2001/XMLSchema-instance" xsi:noNamespaceSchemaLocation="https://maven.apache.org/surefire/maven-surefire-plugin/xsd/surefire-test-report-3.0.xsd" version="3.0" name="com.csvloader.ApplicationConfigTest" time="0.013" tests="29" errors="0" skipped="0" failures="0">
  <properties>
[...]
</properties>
  <testcase name="testGetDateFormat_returnsDefaultWhenNotConfigured" classname="com.csvloader.ApplicationConfigTest" time="0.001">
    <system-out><![CDATA[2025-10-25 19:21:34.408 [main] INFO  com.csvloader.ApplicationConfigTest - ========== ApplicationConfigTest - BeforeAll Setup ==========
2025-10-25 19:21:34.408 [main] INFO  com.csvloader.ApplicationConfigTest - Test properties loaded successfully
2025-10-25 19:21:34.409 [main] INFO  com.csvloader.ApplicationConfigTest - Starting test: testGetDateFormat_returnsDefaultWhenNotConfigured
2025-10-25 19:21:34.409 [main] DEBUG com.csvloader.ApplicationConfigTest - Verifying default date format: yyyy-MM-dd
2025-10-25 19:21:34.409 [main] INFO  com.csvloader.ApplicationConfigTest - Test completed: testGetDateFormat_returnsDefaultWhenNotConfigured
]]></system-out>
  </testcase>
  <testcase name="testGetCsvFiles_multipleFiles" classname="com.csvloader.ApplicationConfigTest" time="0.0">
    <system-out><![CDATA[2025-10-25 19:21:34.409 [main] INFO  com.csvloader.ApplicationConfigTest - Starting test: testGetCsvFiles_multipleFiles
2025-10-25 19:21:34.409 [main] DEBUG com.csvloader.ApplicationConfig - Configured CSV files: [employee.csv, department.csv, salary.csv]
2025-10-25 19:21:34.409 [main] DEBUG com.csvloader.ApplicationConfigTest - Verifying multiple CSV files: [employee.csv, department.csv, salary.csv]
2025-10-25 19:21:34.409 [main] INFO  com.csvloader.ApplicationConfigTest - Test completed: testGetCsvFiles_multipleFiles
]]></system-out>
  </testcase>
  <testcase name="testGetCsvDelimiter_returnsConfiguredValue" classname="com.csvloader.ApplicationConfigTest" time="0.0">
    <system-out><![CDATA[2025-10-25 19:21:34.410 [main] INFO  com.csvloader.ApplicationConfigTest - Starting test: testGetCsvDelimiter_returnsConfiguredValue
2025-10-25 19:21:34.410 [main] DEBUG com.csvloader.ApplicationConfig - Initializing ApplicationConfig
2025-10-25 19:21:34.410 [main] DEBUG com.csvloader.ApplicationConfig - Loading configuration from application.properties
2025-10-25 19:21:34.410 [main] DEBUG com.csvloader.ApplicationConfig - Configuration loaded successfully
2025-10-25 19:21:34.410 [main] INFO  com.csvloader.ApplicationConfig - ApplicationConfig initialized successfully
2025-10-25 19:21:34.410 [main] DEBUG com.csvloader.ApplicationConfigTest - Verifying CSV delimiter: ,
2025-10-25 19:21:34.410 [main] INFO  com.csvloader.ApplicationConfigTest - Test completed: testGetCsvDelimiter_returnsConfiguredValue
]]></system-out>
  </testcase>
  <testcase name="testGetCsvHasHeader_returnsConfiguredValue" classname="com.csvloader.ApplicationConfigTest" time="0.0">
    <system-out><![CDATA[2025-10-25 19:21:34.411 [main] INFO  com.csvloader.ApplicationConfigTest - Starting test: testGetCsvHasHeader_returnsConfiguredValue
2025-10-25 19:21:34.411 [main] DEBUG com.csvloader.ApplicationConfig - Initializing ApplicationConfig
2025-10-25 19:21:34.411 [main] DEBUG com.csvloader.ApplicationConfig - Loading configuration from application.properties
2025-10-25 19:21:34.411 [main] DEBUG com.csvloader.ApplicationConfig - Configuration loaded successfully
2025-10-25 19:21:34.411 [main] INFO  com.csvloader.ApplicationConfig - ApplicationConfig initialized successfully
2025-10-25 19:21:34.411 [main] DEBUG com.csvloader.ApplicationConfigTest - Verifying CSV has header: true
2025-10-25 19:21:34.411 [main] INFO  com.csvloader.ApplicationConfigTest - Test completed: testGetCsvHasHeader_returnsConfiguredValue
]]></system-out>
  </testcase>
  <testcase name="testGetCsvFiles_complexFilenames" classname="com.csvloader.ApplicationConfigTest" time="0.0">
    <system-out><![CDATA[2025-10-25 19:21:34.411 [main] INFO  com.csvloader.ApplicationConfigTest - Starting test: testGetCsvFiles_complexFilenames
2025-10-25 19:21:34.411 [main] DEBUG com.csvloader.ApplicationConfig - Configured CSV files: [employee_2024.csv, dept-info.csv, salary_data_final.csv]
2025-10-25 19:21:34.411 [main] DEBUG com.csvloader.ApplicationConfigTest - Verifying complex filenames: [employee_2024.csv, dept-info.csv, salary_data_final.csv]
2025-10-25 19:21:34.411 [main] INFO  com.csvloader.ApplicationConfigTest - Test completed: testGetCsvFiles_complexFilenames
]]></system-out>
  </testcase>
  <testcase name="testEmptyProperties_allDefaults" classname="com.csvloader.ApplicationConfigTest" time="0.001">
    <system-out><![CDATA[2025-10-25 19:21:34.411 [main] INFO  com.csvloader.ApplicationConfigTest - Starting test: testEmptyProperties_allDefaults
2025-10-25 19:21:34.411 [main] DEBUG com.csvloader.ApplicationConfigTest - Verifying all default values
2025-10-25 19:21:34.411 [main] WARN  com.csvloader.ApplicationConfig - No CSV files configured in csv.files property
2025-10-25 19:21:34.411 [main] INFO  com.csvloader.ApplicationConfigTest - Test completed: testEmptyProperties_allDefaults
]]></system-out>
  </testcase>
  <testcase name="testGetCsvFiles_leadingComma" classname="com.csvloader.ApplicationConfigTest" time="0.0">
    <system-out><![CDATA[2025-10-25 19:21:34.412 [main] INFO  com.csvloader.ApplicationConfigTest - Starting test: testGetCsvFiles_leadingComma
2025-10-25 19:21:34.412 [main] DEBUG com.csvloader.ApplicationConfig - Configured CSV files: [employee.csv, department.csv]
2025-10-25 19:21:34.412 [main] DEBUG com.csvloader.ApplicationConfigTest - Verifying files with leading comma: [employee.csv, department.csv]
2025-10-25 19:21:34.412 [main] INFO  com.csvloader.ApplicationConfigTest - Test completed: testGetCsvFiles_leadingComma
]]></system-out>
  </testcase>
  <testcase name="testGetCsvFiles_notConfigured" classname="com.csvloader.ApplicationConfigTest" time="0.0">
    <system-out><![CDATA[2025-10-25 19:21:34.412 [main] INFO  com.csvloader.ApplicationConfigTest - Starting test: testGetCsvFiles_notConfigured
2025-10-25 19:21:34.412 [main] WARN  com.csvloader.ApplicationConfig - No CSV files configured in csv.files property
2025-10-25 19:21:34.412 [main] DEBUG com.csvloader.ApplicationConfigTest - Verifying unconfigured CSV files list: []
2025-10-25 19:21:34.412 [main] INFO  com.csvloader.ApplicationConfigTest - Test completed: testGetCsvFiles_notConfigured
]]></system-out>
  </testcase>
  <testcase name="testGetPropertyWithDefault_nonExistentKey" classname="com.csvloader.ApplicationConfigTest" time="0.0">
    <system-out><![CDATA[2025-10-25 19:21:34.412 [main] INFO  com.csvloader.ApplicationConfigTest - Starting test: testGetPropertyWithDefault_nonExistentKey
2025-10-25 19:21:34.412 [main] DEBUG com.csvloader.ApplicationConfig - Initializing ApplicationConfig
2025-10-25 19:21:34.412 [main] DEBUG com.csvloader.ApplicationConfig - Loading configuration from application.properties
2025-10-25 19:21:34.412 [main] DEBUG com.csvloader.ApplicationConfig - Configuration loaded successfully
2025-10-25 19:21:34.412 [main] INFO  com.csvloader.ApplicationConfig - ApplicationConfig initialized successfully
2025-10-25 19:21:34.412 [main] DEBUG com.csvloader.ApplicationConfigTest - Verifying default value for nonexistent property: default-value
2025-10-25 19:21:34.412 [main] INFO  com.csvloader.ApplicationConfigTest - Test completed: testGetPropertyWithDefault_nonExistentKey
]]></system-out>
  </testcase>
  <testcase name="testGetCsvFiles_withWhitespace" classname="com.csvloader.ApplicationConfigTest" time="0.0">
    <system-out><![CDATA[2025-10-25 19:21:34.413 [main] INFO  com.csvloader.ApplicationConfigTest - Starting test: testGetCsvFiles_withWhitespace
2025-10-25 19:21:34.413 [main] DEBUG com.csvloader.ApplicationConfig - Configured CSV files: [employee.csv, department.csv, salary.csv]
2025-10-25 19:21:34.413 [main] DEBUG com.csvloader.ApplicationConfigTest - Verifying CSV files with trimmed whitespace: [employee.csv, department.csv, salary.csv]
2025-10-25 19:21:34.413 [main] INFO  com.csvloader.ApplicationConfigTest - Test completed: testGetCsvFiles_withWhitespace
]]></system-out>
  </testcase>
  <testcase name="testGetCsvFiles_singleFileWithTrailingComma" classname="com.csvloader.ApplicationConfigTest" time="0.0">
    <system-out><![CDATA[2025-10-25 19:21:34.413 [main] INFO  com.csvloader.ApplicationConfigTest - Starting test: testGetCsvFiles_singleFileWithTrailingComma
2025-10-25 19:21:34.413 [main] DEBUG com.csvloader.ApplicationConfig - Configured CSV files: [employee.csv]
2025-10-25 19:21:34.413 [main] DEBUG com.csvloader.ApplicationConfigTest - Verifying files with trailing comma: [employee.csv]
2025-10-25 19:21:34.413 [main] INFO  com.csvloader.ApplicationConfigTest - Test completed: testGetCsvFiles_singleFileWithTrailingComma
]]></system-out>
  </testcase>
  <testcase name="testGetCsvDelimiter_customDelimiter" classname="com.csvloader.ApplicationConfigTest" time="0.0">
    <system-out><![CDATA[2025-10-25 19:21:34.413 [main] INFO  com.csvloader.ApplicationConfigTest - Starting test: testGetCsvDelimiter_customDelimiter
2025-10-25 19:21:34.413 [main] DEBUG com.csvloader.ApplicationConfigTest - Verifying custom delimiter: |
2025-10-25 19:21:34.413 [main] INFO  com.csvloader.ApplicationConfigTest - Test completed: testGetCsvDelimiter_customDelimiter
]]></system-out>
  </testcase>
  <testcase name="testGetDateFormat_customFormat" classname="com.csvloader.ApplicationConfigTest" time="0.001">
    <system-out><![CDATA[2025-10-25 19:21:34.414 [main] INFO  com.csvloader.ApplicationConfigTest - Starting test: testGetDateFormat_customFormat
2025-10-25 19:21:34.414 [main] DEBUG com.csvloader.ApplicationConfigTest - Verifying custom date format: dd/MM/yyyy HH:mm:ss
2025-10-25 19:21:34.414 [main] INFO  com.csvloader.ApplicationConfigTest - Test completed: testGetDateFormat_customFormat
]]></system-out>
  </testcase>
  <testcase name="testGetDateFormat_returnsConfiguredValue" classname="com.csvloader.ApplicationConfigTest" time="0.0">
    <system-out><![CDATA[2025-10-25 19:21:34.414 [main] INFO  com.csvloader.ApplicationConfigTest - Starting test: testGetDateFormat_returnsConfiguredValue
2025-10-25 19:21:34.414 [main] DEBUG com.csvloader.ApplicationConfig - Initializing ApplicationConfig
2025-10-25 19:21:34.414 [main] DEBUG com.csvloader.ApplicationConfig - Loading configuration from application.properties
2025-10-25 19:21:34.414 [main] DEBUG com.csvloader.ApplicationConfig - Configuration loaded successfully
2025-10-25 19:21:34.414 [main] INFO  com.csvloader.ApplicationConfig - ApplicationConfig initialized successfully
2025-10-25 19:21:34.414 [main] DEBUG com.csvloader.ApplicationConfigTest - Verifying date format: yyyy-MM-dd'T'HH:mm:ss.SSSXXX
2025-10-25 19:21:34.414 [main] INFO  com.csvloader.ApplicationConfigTest - Test completed: testGetDateFormat_returnsConfiguredValue
]]></system-out>
  </testcase>
  <testcase name="testGetCsvFiles_withEmptyEntries" classname="com.csvloader.ApplicationConfigTest" time="0.0">
    <system-out><![CDATA[2025-10-25 19:21:34.414 [main] INFO  com.csvloader.ApplicationConfigTest - Starting test: testGetCsvFiles_withEmptyEntries
2025-10-25 19:21:34.414 [main] DEBUG com.csvloader.ApplicationConfig - Configured CSV files: [employee.csv, department.csv, salary.csv]
2025-10-25 19:21:34.414 [main] DEBUG com.csvloader.ApplicationConfigTest - Verifying CSV files with empty entries filtered: [employee.csv, department.csv, salary.csv]
2025-10-25 19:21:34.414 [main] INFO  com.csvloader.ApplicationConfigTest - Test completed: testGetCsvFiles_withEmptyEntries
]]></system-out>
  </testcase>
  <testcase name="testGetCsvDelimiter_returnsDefaultWhenNotConfigured" classname="com.csvloader.ApplicationConfigTest" time="0.001">
    <system-out><![CDATA[2025-10-25 19:21:34.414 [main] INFO  com.csvloader.ApplicationConfigTest - Starting test: testGetCsvDelimiter_returnsDefaultWhenNotConfigured
2025-10-25 19:21:34.415 [main] DEBUG com.csvloader.ApplicationConfigTest - Verifying default CSV delimiter: ,
2025-10-25 19:21:34.415 [main] INFO  com.csvloader.ApplicationConfigTest - Test completed: testGetCsvDelimiter_returnsDefaultWhenNotConfigured
]]></system-out>
  </testcase>
  <testcase name="testLoadConfiguration_missingFile" classname="com.csvloader.ApplicationConfigTest" time="0.0">
    <system-out><![CDATA[2025-10-25 19:21:34.415 [main] INFO  com.csvloader.ApplicationConfigTest - Starting test: testLoadConfiguration_missingFile
2025-10-25 19:21:34.415 [main] DEBUG com.csvloader.ApplicationConfigTest - Verifying that missing configuration file throws IOException
2025-10-25 19:21:34.415 [main] INFO  com.csvloader.ApplicationConfigTest - Test completed: testLoadConfiguration_missingFile (behavioral documentation)
]]></system-out>
  </testcase>
  <testcase name="testGetCsvHasHeader_returnsDefaultWhenNotConfigured" classname="com.csvloader.ApplicationConfigTest" time="0.0">
    <system-out><![CDATA[2025-10-25 19:21:34.415 [main] INFO  com.csvloader.ApplicationConfigTest - Starting test: testGetCsvHasHeader_returnsDefaultWhenNotConfigured
2025-10-25 19:21:34.415 [main] DEBUG com.csvloader.ApplicationConfigTest - Verifying default has header: true
2025-10-25 19:21:34.415 [main] INFO  com.csvloader.ApplicationConfigTest - Test completed: testGetCsvHasHeader_returnsDefaultWhenNotConfigured
]]></system-out>
  </testcase>
  <testcase name="testGetCsvFiles_emptyString" classname="com.csvloader.ApplicationConfigTest" time="0.0">
    <system-out><![CDATA[2025-10-25 19:21:34.415 [main] INFO  com.csvloader.ApplicationConfigTest - Starting test: testGetCsvFiles_emptyString
2025-10-25 19:21:34.415 [main] WARN  com.csvloader.ApplicationConfig - No CSV files configured in csv.files property
2025-10-25 19:21:34.415 [main] DEBUG com.csvloader.ApplicationConfigTest - Verifying empty CSV files list: []
2025-10-25 19:21:34.415 [main] INFO  com.csvloader.ApplicationConfigTest - Test completed: testGetCsvFiles_emptyString
]]></system-out>
  </testcase>
  <testcase name="testGetCsvHasHeader_falseValue" classname="com.csvloader.ApplicationConfigTest" time="0.001">
    <system-out><![CDATA[2025-10-25 19:21:34.416 [main] INFO  com.csvloader.ApplicationConfigTest - Starting test: testGetCsvHasHeader_falseValue
2025-10-25 19:21:34.416 [main] DEBUG com.csvloader.ApplicationConfigTest - Verifying has header is false: false
2025-10-25 19:21:34.416 [main] INFO  com.csvloader.ApplicationConfigTest - Test completed: testGetCsvHasHeader_falseValue
]]></system-out>
  </testcase>
  <testcase name="testGetCsvFiles_singleFile" classname="com.csvloader.ApplicationConfigTest" time="0.0">
    <system-out><![CDATA[2025-10-25 19:21:34.417 [main] INFO  com.csvloader.ApplicationConfigTest - Starting test: testGetCsvFiles_singleFile
2025-10-25 19:21:34.417 [main] DEBUG com.csvloader.ApplicationConfig - Initializing ApplicationConfig
2025-10-25 19:21:34.417 [main] DEBUG com.csvloader.ApplicationConfig - Loading configuration from application.properties
2025-10-25 19:21:34.417 [main] DEBUG com.csvloader.ApplicationConfig - Configuration loaded successfully
2025-10-25 19:21:34.417 [main] INFO  com.csvloader.ApplicationConfig - ApplicationConfig initialized successfully
2025-10-25 19:21:34.417 [main] DEBUG com.csvloader.ApplicationConfig - Configured CSV files: [employee.csv]
2025-10-25 19:21:34.417 [main] DEBUG com.csvloader.ApplicationConfigTest - Verifying CSV files list: [employee.csv]
2025-10-25 19:21:34.417 [main] INFO  com.csvloader.ApplicationConfigTest - Test completed: testGetCsvFiles_singleFile
]]></system-out>
  </testcase>
  <testcase name="testPropertyGetters_consistentBehavior" classname="com.csvloader.ApplicationConfigTest" time="0.001">
    <system-out><![CDATA[2025-10-25 19:21:34.418 [main] INFO  com.csvloader.ApplicationConfigTest - Starting test: testPropertyGetters_consistentBehavior
2025-10-25 19:21:34.418 [main] DEBUG com.csvloader.ApplicationConfig - Initializing ApplicationConfig
2025-10-25 19:21:34.418 [main] DEBUG com.csvloader.ApplicationConfig - Loading configuration from application.properties
2025-10-25 19:21:34.418 [main] DEBUG com.csvloader.ApplicationConfig - Configuration loaded successfully
2025-10-25 19:21:34.418 [main] INFO  com.csvloader.ApplicationConfig - ApplicationConfig initialized successfully
2025-10-25 19:21:34.418 [main] DEBUG com.csvloader.ApplicationConfig - Configured CSV files: [employee.csv]
2025-10-25 19:21:34.418 [main] DEBUG com.csvloader.ApplicationConfig - Configured CSV files: [employee.csv]
2025-10-25 19:21:34.418 [main] DEBUG com.csvloader.ApplicationConfigTest - Verifying consistent behavior across multiple calls
2025-10-25 19:21:34.418 [main] INFO  com.csvloader.ApplicationConfigTest - Test completed: testPropertyGetters_consistentBehavior
]]></system-out>
  </testcase>
  <testcase name="testGetPropertyWithDefault_existingKey" classname="com.csvloader.ApplicationConfigTest" time="0.0">
    <system-out><![CDATA[2025-10-25 19:21:34.418 [main] INFO  com.csvloader.ApplicationConfigTest - Starting test: testGetPropertyWithDefault_existingKey
2025-10-25 19:21:34.418 [main] DEBUG com.csvloader.ApplicationConfig - Initializing ApplicationConfig
2025-10-25 19:21:34.418 [main] DEBUG com.csvloader.ApplicationConfig - Loading configuration from application.properties
2025-10-25 19:21:34.418 [main] DEBUG com.csvloader.ApplicationConfig - Configuration loaded successfully
2025-10-25 19:21:34.418 [main] INFO  com.csvloader.ApplicationConfig - ApplicationConfig initialized successfully
2025-10-25 19:21:34.418 [main] DEBUG com.csvloader.ApplicationConfigTest - Verifying property with default: date.format = yyyy-MM-dd'T'HH:mm:ss.SSSXXX
2025-10-25 19:21:34.418 [main] INFO  com.csvloader.ApplicationConfigTest - Test completed: testGetPropertyWithDefault_existingKey
]]></system-out>
  </testcase>
  <testcase name="testGetProperty_nonExistentKey" classname="com.csvloader.ApplicationConfigTest" time="0.001">
    <system-out><![CDATA[2025-10-25 19:21:34.418 [main] INFO  com.csvloader.ApplicationConfigTest - Starting test: testGetProperty_nonExistentKey
2025-10-25 19:21:34.418 [main] DEBUG com.csvloader.ApplicationConfig - Initializing ApplicationConfig
2025-10-25 19:21:34.418 [main] DEBUG com.csvloader.ApplicationConfig - Loading configuration from application.properties
2025-10-25 19:21:34.418 [main] DEBUG com.csvloader.ApplicationConfig - Configuration loaded successfully
2025-10-25 19:21:34.418 [main] INFO  com.csvloader.ApplicationConfig - ApplicationConfig initialized successfully
2025-10-25 19:21:34.419 [main] DEBUG com.csvloader.ApplicationConfigTest - Verifying nonexistent property: null
2025-10-25 19:21:34.419 [main] INFO  com.csvloader.ApplicationConfigTest - Test completed: testGetProperty_nonExistentKey
]]></system-out>
  </testcase>
  <testcase name="testGetCsvDelimiter_tabDelimiter" classname="com.csvloader.ApplicationConfigTest" time="0.0">
    <system-out><![CDATA[2025-10-25 19:21:34.419 [main] INFO  com.csvloader.ApplicationConfigTest - Starting test: testGetCsvDelimiter_tabDelimiter
2025-10-25 19:21:34.419 [main] DEBUG com.csvloader.ApplicationConfigTest - Verifying tab delimiter
2025-10-25 19:21:34.419 [main] INFO  com.csvloader.ApplicationConfigTest - Test completed: testGetCsvDelimiter_tabDelimiter
]]></system-out>
  </testcase>
  <testcase name="testConstructor_loadsConfigurationSuccessfully" classname="com.csvloader.ApplicationConfigTest" time="0.001">
    <system-out><![CDATA[2025-10-25 19:21:34.420 [main] INFO  com.csvloader.ApplicationConfigTest - Starting test: testConstructor_loadsConfigurationSuccessfully
2025-10-25 19:21:34.420 [main] DEBUG com.csvloader.ApplicationConfig - Initializing ApplicationConfig
2025-10-25 19:21:34.420 [main] DEBUG com.csvloader.ApplicationConfig - Loading configuration from application.properties
2025-10-25 19:21:34.420 [main] DEBUG com.csvloader.ApplicationConfig - Configuration loaded successfully
2025-10-25 19:21:34.420 [main] INFO  com.csvloader.ApplicationConfig - ApplicationConfig initialized successfully
2025-10-25 19:21:34.420 [main] DEBUG com.csvloader.ApplicationConfigTest - ApplicationConfig instantiated successfully
2025-10-25 19:21:34.420 [main] INFO  com.csvloader.ApplicationConfigTest - Test completed: testConstructor_loadsConfigurationSuccessfully
]]></system-out>
  </testcase>
  <testcase name="testConstructorWithCustomProperties" classname="com.csvloader.ApplicationConfigTest" time="0.0">
    <system-out><![CDATA[2025-10-25 19:21:34.420 [main] INFO  com.csvloader.ApplicationConfigTest - Starting test: testConstructorWithCustomProperties
2025-10-25 19:21:34.420 [main] DEBUG com.csvloader.ApplicationConfigTest - Verifying custom properties constructor
2025-10-25 19:21:34.420 [main] DEBUG com.csvloader.ApplicationConfig - Configured CSV files: [test1.csv, test2.csv]
2025-10-25 19:21:34.420 [main] INFO  com.csvloader.ApplicationConfigTest - Test completed: testConstructorWithCustomProperties
]]></system-out>
  </testcase>
  <testcase name="testGetCsvDelimiter_semicolonDelimiter" classname="com.csvloader.ApplicationConfigTest" time="0.001">
    <system-out><![CDATA[2025-10-25 19:21:34.420 [main] INFO  com.csvloader.ApplicationConfigTest - Starting test: testGetCsvDelimiter_semicolonDelimiter
2025-10-25 19:21:34.420 [main] DEBUG com.csvloader.ApplicationConfigTest - Verifying semicolon delimiter: ;
2025-10-25 19:21:34.420 [main] INFO  com.csvloader.ApplicationConfigTest - Test completed: testGetCsvDelimiter_semicolonDelimiter
]]></system-out>
  </testcase>
  <testcase name="testGetProperty_existingKey" classname="com.csvloader.ApplicationConfigTest" time="0.0">
    <system-out><![CDATA[2025-10-25 19:21:34.421 [main] INFO  com.csvloader.ApplicationConfigTest - Starting test: testGetProperty_existingKey
2025-10-25 19:21:34.421 [main] DEBUG com.csvloader.ApplicationConfig - Initializing ApplicationConfig
2025-10-25 19:21:34.421 [main] DEBUG com.csvloader.ApplicationConfig - Loading configuration from application.properties
2025-10-25 19:21:34.421 [main] DEBUG com.csvloader.ApplicationConfig - Configuration loaded successfully
2025-10-25 19:21:34.421 [main] INFO  com.csvloader.ApplicationConfig - ApplicationConfig initialized successfully
2025-10-25 19:21:34.421 [main] DEBUG com.csvloader.ApplicationConfigTest - Verifying property retrieval: date.format = yyyy-MM-dd'T'HH:mm:ss.SSSXXX
2025-10-25 19:21:34.421 [main] INFO  com.csvloader.ApplicationConfigTest - Test completed: testGetProperty_existingKey
]]></system-out>
  </testcase>
</testsuite>